Arguments: 
  C:\Program Files\nodejs\node.exe C:\Program Files (x86)\Yarn\bin\yarn.js add @babel/tranverse

PATH: 
  C:\Program Files\Git\mingw64\bin;C:\Program Files\Git\usr\bin;C:\Users\15774\bin;C:\Program Files (x86)\Common Files\Oracle\Java\javapath;C:\Windows\system32;C:\Windows;C:\Windows\System32\Wbem;C:\Windows\System32\WindowsPowerShell\v1.0;C:\Windows\System32\OpenSSH;C:\Program Files (x86)\NVIDIA Corporation\PhysX\Common;C:\Program Files\NVIDIA Corporation\NVIDIA NvDLISR;C:\WINDOWS\system32;C:\WINDOWS;C:\WINDOWS\System32\Wbem;C:\WINDOWS\System32\WindowsPowerShell\v1.0;C:\WINDOWS\System32\OpenSSH;C:\Users\15774\AppData\Roaming\nvm;C:\Program Files\nodejs;C:\Program Files\Git\cmd;C:\Go\bin;C:\Program Files (x86)\Yarn\bin;C:\Program Files\PuTTY;C:\Program Files\MongoDB\Server\4.2\bin;C:\Program Files\TortoiseSVN\bin;C:\Program Files\Java\jdk1.8.0_241\bin;C:\Users\15774\AppData\Local\Android\Sdk\platform-tools;C:\Python27;C:\ProgramData\chocolatey\bin;C:\codes\watchman\windows\bin;C:\Program Files\OpenSSL-Win64\bin;C:\sqlite;C:\Program Files\colortool;C:\TDM-GCC-64\bin;C:\Program Files\MySQL\MySQL Shell 8.0\bin;C:\Users\15774\AppData\Local\Microsoft\WindowsApps;C:\Users\15774\AppData\Roaming\nvm;C:\Program Files\nodejs;C:\apps\Microsoft VS Code\bin;C:\Users\15774\go\bin;C:\Users\15774\AppData\Local\Yarn\bin;C:\Program Files\Bandizip

Yarn version: 
  1.21.1

Node version: 
  14.2.0

Platform: 
  win32 x64

Trace: 
  Error: https://registry.npm.taobao.org/@babel%2ftranverse: Not found
      at Request.params.callback [as _callback] (C:\Program Files (x86)\Yarn\lib\cli.js:66056:18)
      at Request.self.callback (C:\Program Files (x86)\Yarn\lib\cli.js:140665:22)
      at Request.emit (events.js:315:20)
      at Request.<anonymous> (C:\Program Files (x86)\Yarn\lib\cli.js:141637:10)
      at Request.emit (events.js:315:20)
      at IncomingMessage.<anonymous> (C:\Program Files (x86)\Yarn\lib\cli.js:141559:12)
      at Object.onceWrapper (events.js:421:28)
      at IncomingMessage.emit (events.js:327:22)
      at endReadableNT (_stream_readable.js:1225:12)
      at processTicksAndRejections (internal/process/task_queues.js:84:21)

npm manifest: 
  {
    "dependencies": {
      "@babel/parser": "^7.11.4"
    }
  }

yarn manifest: 
  No manifest

Lockfile: 
  # THIS IS AN AUTOGENERATED FILE. DO NOT EDIT THIS FILE DIRECTLY.
  # yarn lockfile v1
  
  
  "@babel/parser@^7.11.4":
    version "7.11.4"
    resolved "https://registry.npm.taobao.org/@babel/parser/download/@babel/parser-7.11.4.tgz?cache=0&sync_timestamp=1597948342860&other_urls=https%3A%2F%2Fregistry.npm.taobao.org%2F%40babel%2Fparser%2Fdownload%2F%40babel%2Fparser-7.11.4.tgz#6fa1a118b8b0d80d0267b719213dc947e88cc0ca"
    integrity sha1-b6GhGLiw2A0CZ7cZIT3JR+iMwMo=
